<?xml version="1.0" encoding="UTF-8"?>
<coverage generated="1699987678505" clover="3.2.0">
  <project timestamp="1699987678505" name="All files">
    <metrics statements="67" coveredstatements="62" conditionals="47" coveredconditionals="41" methods="4" coveredmethods="4" elements="118" coveredelements="107" complexity="0" loc="67" ncloc="67" packages="1" files="1" classes="1"/>
    <file name="jwtHandcraft.ts" path="/Users/solvd/Desktop/OnlineClothingStore 2 - Typescript/src/utils/jwtHandcraft.ts">
      <metrics statements="67" coveredstatements="62" conditionals="47" coveredconditionals="41" methods="4" coveredmethods="4"/>
      <line num="2" count="1" type="cond" truecount="3" falsecount="0"/>
      <line num="3" count="1" type="cond" truecount="3" falsecount="1"/>
      <line num="5" count="1" type="stmt"/>
      <line num="6" count="1" type="stmt"/>
      <line num="7" count="1" type="stmt"/>
      <line num="8" count="1" type="cond" truecount="2" falsecount="0"/>
      <line num="9" count="1" type="stmt"/>
      <line num="13" count="1" type="stmt"/>
      <line num="15" count="8" type="cond" truecount="6" falsecount="0"/>
      <line num="16" count="2" type="cond" truecount="3" falsecount="1"/>
      <line num="19" count="6" type="stmt"/>
      <line num="21" count="8" type="stmt"/>
      <line num="22" count="8" type="stmt"/>
      <line num="23" count="8" type="stmt"/>
      <line num="24" count="8" type="stmt"/>
      <line num="25" count="8" type="stmt"/>
      <line num="26" count="8" type="stmt"/>
      <line num="27" count="8" type="stmt"/>
      <line num="31" count="8" type="stmt"/>
      <line num="32" count="8" type="stmt"/>
      <line num="34" count="1" type="stmt"/>
      <line num="35" count="1" type="stmt"/>
      <line num="36" count="4" type="cond" truecount="3" falsecount="1"/>
      <line num="37" count="0" type="stmt"/>
      <line num="39" count="4" type="stmt"/>
      <line num="42" count="4" type="stmt"/>
      <line num="43" count="4" type="stmt"/>
      <line num="44" count="4" type="stmt"/>
      <line num="47" count="0" type="stmt"/>
      <line num="50" count="4" type="cond" truecount="4" falsecount="0"/>
      <line num="51" count="1" type="stmt"/>
      <line num="54" count="3" type="stmt"/>
      <line num="55" count="3" type="stmt"/>
      <line num="60" count="3" type="stmt"/>
      <line num="61" count="3" type="stmt"/>
      <line num="62" count="3" type="cond" truecount="4" falsecount="0"/>
      <line num="64" count="1" type="stmt"/>
      <line num="67" count="2" type="cond" truecount="2" falsecount="0"/>
      <line num="68" count="1" type="stmt"/>
      <line num="70" count="1" type="stmt"/>
      <line num="71" count="1" type="stmt"/>
      <line num="72" count="1" type="stmt"/>
      <line num="74" count="1" type="stmt"/>
      <line num="76" count="22" type="cond" truecount="2" falsecount="0"/>
      <line num="78" count="2" type="stmt"/>
      <line num="79" count="2" type="cond" truecount="1" falsecount="1"/>
      <line num="80" count="0" type="stmt"/>
      <line num="82" count="2" type="cond" truecount="1" falsecount="1"/>
      <line num="83" count="0" type="stmt"/>
      <line num="85" count="2" type="stmt"/>
      <line num="88" count="20" type="stmt"/>
      <line num="90" count="20" type="stmt"/>
      <line num="100" count="20" type="stmt"/>
      <line num="101" count="20" type="cond" truecount="2" falsecount="0"/>
      <line num="102" count="2" type="stmt"/>
      <line num="105" count="18" type="stmt"/>
      <line num="106" count="18" type="cond" truecount="2" falsecount="0"/>
      <line num="107" count="1" type="stmt"/>
      <line num="109" count="17" type="cond" truecount="2" falsecount="0"/>
      <line num="110" count="1" type="stmt"/>
      <line num="112" count="16" type="stmt"/>
      <line num="113" count="16" type="cond" truecount="1" falsecount="1"/>
      <line num="114" count="0" type="stmt"/>
      <line num="117" count="16" type="stmt"/>
      <line num="118" count="16" type="stmt"/>
      <line num="120" count="1" type="stmt"/>
      <line num="121" count="1" type="stmt"/>
    </file>
  </project>
</coverage>
