{"/Users/solvd/Desktop/OnlineClothingStore 2 - Typescript/src/utils/jwtHandcraft.ts": {"path":"/Users/solvd/Desktop/OnlineClothingStore 2 - Typescript/src/utils/jwtHandcraft.ts","statementMap":{"0":{"start":{"line":2,"column":22},"end":{"line":4,"column":1}},"1":{"start":{"line":3,"column":4},"end":{"line":3,"column":62}},"2":{"start":{"line":5,"column":0},"end":{"line":5,"column":62}},"3":{"start":{"line":6,"column":0},"end":{"line":6,"column":83}},"4":{"start":{"line":7,"column":17},"end":{"line":7,"column":51}},"5":{"start":{"line":8,"column":18},"end":{"line":8,"column":66}},"6":{"start":{"line":9,"column":15},"end":{"line":12,"column":1}},"7":{"start":{"line":13,"column":18},"end":{"line":33,"column":1}},"8":{"start":{"line":15,"column":4},"end":{"line":20,"column":5}},"9":{"start":{"line":16,"column":8},"end":{"line":16,"column":113}},"10":{"start":{"line":19,"column":8},"end":{"line":19,"column":51}},"11":{"start":{"line":21,"column":24},"end":{"line":21,"column":34}},"12":{"start":{"line":22,"column":27},"end":{"line":22,"column":50}},"13":{"start":{"line":23,"column":27},"end":{"line":23,"column":111}},"14":{"start":{"line":24,"column":26},"end":{"line":24,"column":80}},"15":{"start":{"line":25,"column":27},"end":{"line":25,"column":89}},"16":{"start":{"line":26,"column":27},"end":{"line":26,"column":63}},"17":{"start":{"line":27,"column":22},"end":{"line":30,"column":25}},"18":{"start":{"line":31,"column":16},"end":{"line":31,"column":70}},"19":{"start":{"line":32,"column":4},"end":{"line":32,"column":15}},"20":{"start":{"line":34,"column":0},"end":{"line":34,"column":30}},"21":{"start":{"line":35,"column":20},"end":{"line":73,"column":1}},"22":{"start":{"line":36,"column":4},"end":{"line":38,"column":5}},"23":{"start":{"line":37,"column":8},"end":{"line":37,"column":50}},"24":{"start":{"line":39,"column":55},"end":{"line":39,"column":71}},"25":{"start":{"line":42,"column":4},"end":{"line":48,"column":5}},"26":{"start":{"line":43,"column":8},"end":{"line":43,"column":77}},"27":{"start":{"line":44,"column":8},"end":{"line":44,"column":79}},"28":{"start":{"line":47,"column":8},"end":{"line":47,"column":50}},"29":{"start":{"line":50,"column":4},"end":{"line":52,"column":5}},"30":{"start":{"line":51,"column":8},"end":{"line":51,"column":48}},"31":{"start":{"line":54,"column":30},"end":{"line":54,"column":66}},"32":{"start":{"line":55,"column":25},"end":{"line":58,"column":25}},"33":{"start":{"line":60,"column":20},"end":{"line":60,"column":45}},"34":{"start":{"line":61,"column":20},"end":{"line":61,"column":42}},"35":{"start":{"line":62,"column":4},"end":{"line":65,"column":5}},"36":{"start":{"line":64,"column":8},"end":{"line":64,"column":45}},"37":{"start":{"line":67,"column":4},"end":{"line":69,"column":5}},"38":{"start":{"line":68,"column":8},"end":{"line":68,"column":45}},"39":{"start":{"line":70,"column":4},"end":{"line":70,"column":23}},"40":{"start":{"line":71,"column":4},"end":{"line":71,"column":23}},"41":{"start":{"line":72,"column":4},"end":{"line":72,"column":19}},"42":{"start":{"line":74,"column":0},"end":{"line":74,"column":34}},"43":{"start":{"line":76,"column":4},"end":{"line":86,"column":5}},"44":{"start":{"line":78,"column":20},"end":{"line":78,"column":38}},"45":{"start":{"line":79,"column":8},"end":{"line":84,"column":9}},"46":{"start":{"line":80,"column":12},"end":{"line":80,"column":51}},"47":{"start":{"line":82,"column":13},"end":{"line":84,"column":9}},"48":{"start":{"line":83,"column":12},"end":{"line":83,"column":51}},"49":{"start":{"line":85,"column":8},"end":{"line":85,"column":19}},"50":{"start":{"line":88,"column":22},"end":{"line":88,"column":58}},"51":{"start":{"line":90,"column":31},"end":{"line":98,"column":5}},"52":{"start":{"line":100,"column":18},"end":{"line":100,"column":44}},"53":{"start":{"line":101,"column":4},"end":{"line":103,"column":5}},"54":{"start":{"line":102,"column":8},"end":{"line":102,"column":47}},"55":{"start":{"line":105,"column":21},"end":{"line":105,"column":41}},"56":{"start":{"line":106,"column":4},"end":{"line":111,"column":5}},"57":{"start":{"line":107,"column":8},"end":{"line":107,"column":47}},"58":{"start":{"line":109,"column":9},"end":{"line":111,"column":5}},"59":{"start":{"line":110,"column":8},"end":{"line":110,"column":47}},"60":{"start":{"line":112,"column":17},"end":{"line":112,"column":33}},"61":{"start":{"line":113,"column":4},"end":{"line":115,"column":5}},"62":{"start":{"line":114,"column":8},"end":{"line":114,"column":47}},"63":{"start":{"line":117,"column":25},"end":{"line":117,"column":60}},"64":{"start":{"line":118,"column":4},"end":{"line":118,"column":24}},"65":{"start":{"line":120,"column":0},"end":{"line":120,"column":58}},"66":{"start":{"line":121,"column":0},"end":{"line":121,"column":70}}},"fnMap":{"0":{"name":"(anonymous_0)","decl":{"start":{"line":2,"column":56},"end":{"line":2,"column":57}},"loc":{"start":{"line":2,"column":71},"end":{"line":4,"column":1}},"line":2},"1":{"name":"(anonymous_1)","decl":{"start":{"line":13,"column":18},"end":{"line":13,"column":19}},"loc":{"start":{"line":13,"column":40},"end":{"line":33,"column":1}},"line":13},"2":{"name":"(anonymous_2)","decl":{"start":{"line":35,"column":20},"end":{"line":35,"column":21}},"loc":{"start":{"line":35,"column":31},"end":{"line":73,"column":1}},"line":35},"3":{"name":"parseTimeToMilliseconds","decl":{"start":{"line":75,"column":9},"end":{"line":75,"column":32}},"loc":{"start":{"line":75,"column":45},"end":{"line":119,"column":1}},"line":75}},"branchMap":{"0":{"loc":{"start":{"line":2,"column":22},"end":{"line":4,"column":1}},"type":"binary-expr","locations":[{"start":{"line":2,"column":23},"end":{"line":2,"column":27}},{"start":{"line":2,"column":31},"end":{"line":2,"column":51}},{"start":{"line":2,"column":56},"end":{"line":4,"column":1}}],"line":2},"1":{"loc":{"start":{"line":3,"column":11},"end":{"line":3,"column":61}},"type":"cond-expr","locations":[{"start":{"line":3,"column":37},"end":{"line":3,"column":40}},{"start":{"line":3,"column":43},"end":{"line":3,"column":61}}],"line":3},"2":{"loc":{"start":{"line":3,"column":12},"end":{"line":3,"column":33}},"type":"binary-expr","locations":[{"start":{"line":3,"column":12},"end":{"line":3,"column":15}},{"start":{"line":3,"column":19},"end":{"line":3,"column":33}}],"line":3},"3":{"loc":{"start":{"line":8,"column":18},"end":{"line":8,"column":66}},"type":"binary-expr","locations":[{"start":{"line":8,"column":18},"end":{"line":8,"column":45}},{"start":{"line":8,"column":49},"end":{"line":8,"column":66}}],"line":8},"4":{"loc":{"start":{"line":15,"column":4},"end":{"line":20,"column":5}},"type":"if","locations":[{"start":{"line":15,"column":4},"end":{"line":20,"column":5}},{"start":{"line":18,"column":9},"end":{"line":20,"column":5}}],"line":15},"5":{"loc":{"start":{"line":15,"column":8},"end":{"line":15,"column":75}},"type":"cond-expr","locations":[{"start":{"line":15,"column":49},"end":{"line":15,"column":55}},{"start":{"line":15,"column":58},"end":{"line":15,"column":75}}],"line":15},"6":{"loc":{"start":{"line":15,"column":8},"end":{"line":15,"column":46}},"type":"binary-expr","locations":[{"start":{"line":15,"column":8},"end":{"line":15,"column":24}},{"start":{"line":15,"column":28},"end":{"line":15,"column":46}}],"line":15},"7":{"loc":{"start":{"line":16,"column":44},"end":{"line":16,"column":111}},"type":"cond-expr","locations":[{"start":{"line":16,"column":85},"end":{"line":16,"column":91}},{"start":{"line":16,"column":94},"end":{"line":16,"column":111}}],"line":16},"8":{"loc":{"start":{"line":16,"column":44},"end":{"line":16,"column":82}},"type":"binary-expr","locations":[{"start":{"line":16,"column":44},"end":{"line":16,"column":60}},{"start":{"line":16,"column":64},"end":{"line":16,"column":82}}],"line":16},"9":{"loc":{"start":{"line":36,"column":4},"end":{"line":38,"column":5}},"type":"if","locations":[{"start":{"line":36,"column":4},"end":{"line":38,"column":5}},{"start":{},"end":{}}],"line":36},"10":{"loc":{"start":{"line":36,"column":8},"end":{"line":36,"column":66}},"type":"binary-expr","locations":[{"start":{"line":36,"column":8},"end":{"line":36,"column":33}},{"start":{"line":36,"column":37},"end":{"line":36,"column":66}}],"line":36},"11":{"loc":{"start":{"line":50,"column":4},"end":{"line":52,"column":5}},"type":"if","locations":[{"start":{"line":50,"column":4},"end":{"line":52,"column":5}},{"start":{},"end":{}}],"line":50},"12":{"loc":{"start":{"line":50,"column":8},"end":{"line":50,"column":54}},"type":"binary-expr","locations":[{"start":{"line":50,"column":8},"end":{"line":50,"column":30}},{"start":{"line":50,"column":34},"end":{"line":50,"column":54}}],"line":50},"13":{"loc":{"start":{"line":62,"column":4},"end":{"line":65,"column":5}},"type":"if","locations":[{"start":{"line":62,"column":4},"end":{"line":65,"column":5}},{"start":{},"end":{}}],"line":62},"14":{"loc":{"start":{"line":62,"column":8},"end":{"line":63,"column":59}},"type":"binary-expr","locations":[{"start":{"line":62,"column":8},"end":{"line":62,"column":41}},{"start":{"line":63,"column":8},"end":{"line":63,"column":59}}],"line":62},"15":{"loc":{"start":{"line":67,"column":4},"end":{"line":69,"column":5}},"type":"if","locations":[{"start":{"line":67,"column":4},"end":{"line":69,"column":5}},{"start":{},"end":{}}],"line":67},"16":{"loc":{"start":{"line":76,"column":4},"end":{"line":86,"column":5}},"type":"if","locations":[{"start":{"line":76,"column":4},"end":{"line":86,"column":5}},{"start":{},"end":{}}],"line":76},"17":{"loc":{"start":{"line":79,"column":8},"end":{"line":84,"column":9}},"type":"if","locations":[{"start":{"line":79,"column":8},"end":{"line":84,"column":9}},{"start":{"line":82,"column":13},"end":{"line":84,"column":9}}],"line":79},"18":{"loc":{"start":{"line":82,"column":13},"end":{"line":84,"column":9}},"type":"if","locations":[{"start":{"line":82,"column":13},"end":{"line":84,"column":9}},{"start":{},"end":{}}],"line":82},"19":{"loc":{"start":{"line":101,"column":4},"end":{"line":103,"column":5}},"type":"if","locations":[{"start":{"line":101,"column":4},"end":{"line":103,"column":5}},{"start":{},"end":{}}],"line":101},"20":{"loc":{"start":{"line":106,"column":4},"end":{"line":111,"column":5}},"type":"if","locations":[{"start":{"line":106,"column":4},"end":{"line":111,"column":5}},{"start":{"line":109,"column":9},"end":{"line":111,"column":5}}],"line":106},"21":{"loc":{"start":{"line":109,"column":9},"end":{"line":111,"column":5}},"type":"if","locations":[{"start":{"line":109,"column":9},"end":{"line":111,"column":5}},{"start":{},"end":{}}],"line":109},"22":{"loc":{"start":{"line":113,"column":4},"end":{"line":115,"column":5}},"type":"if","locations":[{"start":{"line":113,"column":4},"end":{"line":115,"column":5}},{"start":{},"end":{}}],"line":113}},"s":{"0":1,"1":1,"2":1,"3":1,"4":1,"5":1,"6":1,"7":1,"8":8,"9":2,"10":6,"11":8,"12":8,"13":8,"14":8,"15":8,"16":8,"17":8,"18":8,"19":8,"20":1,"21":1,"22":4,"23":0,"24":4,"25":4,"26":4,"27":4,"28":0,"29":4,"30":1,"31":3,"32":3,"33":3,"34":3,"35":3,"36":1,"37":2,"38":1,"39":1,"40":1,"41":1,"42":1,"43":22,"44":2,"45":2,"46":0,"47":2,"48":0,"49":2,"50":20,"51":20,"52":20,"53":20,"54":2,"55":18,"56":18,"57":1,"58":17,"59":1,"60":16,"61":16,"62":0,"63":16,"64":16,"65":1,"66":1},"f":{"0":1,"1":8,"2":4,"3":22},"b":{"0":[1,1,1],"1":[0,1],"2":[1,1],"3":[1,1],"4":[2,6],"5":[6,2],"6":[8,8],"7":[0,2],"8":[2,2],"9":[0,4],"10":[4,4],"11":[1,3],"12":[4,3],"13":[1,2],"14":[3,2],"15":[1,1],"16":[2,20],"17":[0,2],"18":[0,2],"19":[2,18],"20":[1,17],"21":[1,16],"22":[0,16]},"_coverageSchema":"1a1c01bbd47fc00a2c39e90264f33305004495a9","hash":"93062fff46a240ef5f6ffe96ef1e79b527673809"}
}
