TN:
SF:src/utils/jwtHandcraft.ts
FN:2,(anonymous_0)
FN:13,(anonymous_1)
FN:35,(anonymous_2)
FN:75,parseTimeToMilliseconds
FNF:4
FNH:4
FNDA:1,(anonymous_0)
FNDA:8,(anonymous_1)
FNDA:4,(anonymous_2)
FNDA:22,parseTimeToMilliseconds
DA:2,1
DA:3,1
DA:5,1
DA:6,1
DA:7,1
DA:8,1
DA:9,1
DA:13,1
DA:15,8
DA:16,2
DA:19,6
DA:21,8
DA:22,8
DA:23,8
DA:24,8
DA:25,8
DA:26,8
DA:27,8
DA:31,8
DA:32,8
DA:34,1
DA:35,1
DA:36,4
DA:37,0
DA:39,4
DA:42,4
DA:43,4
DA:44,4
DA:47,0
DA:50,4
DA:51,1
DA:54,3
DA:55,3
DA:60,3
DA:61,3
DA:62,3
DA:64,1
DA:67,2
DA:68,1
DA:70,1
DA:71,1
DA:72,1
DA:74,1
DA:76,22
DA:78,2
DA:79,2
DA:80,0
DA:82,2
DA:83,0
DA:85,2
DA:88,20
DA:90,20
DA:100,20
DA:101,20
DA:102,2
DA:105,18
DA:106,18
DA:107,1
DA:109,17
DA:110,1
DA:112,16
DA:113,16
DA:114,0
DA:117,16
DA:118,16
DA:120,1
DA:121,1
LF:67
LH:62
BRDA:2,0,0,1
BRDA:2,0,1,1
BRDA:2,0,2,1
BRDA:3,1,0,0
BRDA:3,1,1,1
BRDA:3,2,0,1
BRDA:3,2,1,1
BRDA:8,3,0,1
BRDA:8,3,1,1
BRDA:15,4,0,2
BRDA:15,4,1,6
BRDA:15,5,0,6
BRDA:15,5,1,2
BRDA:15,6,0,8
BRDA:15,6,1,8
BRDA:16,7,0,0
BRDA:16,7,1,2
BRDA:16,8,0,2
BRDA:16,8,1,2
BRDA:36,9,0,0
BRDA:36,9,1,4
BRDA:36,10,0,4
BRDA:36,10,1,4
BRDA:50,11,0,1
BRDA:50,11,1,3
BRDA:50,12,0,4
BRDA:50,12,1,3
BRDA:62,13,0,1
BRDA:62,13,1,2
BRDA:62,14,0,3
BRDA:62,14,1,2
BRDA:67,15,0,1
BRDA:67,15,1,1
BRDA:76,16,0,2
BRDA:76,16,1,20
BRDA:79,17,0,0
BRDA:79,17,1,2
BRDA:82,18,0,0
BRDA:82,18,1,2
BRDA:101,19,0,2
BRDA:101,19,1,18
BRDA:106,20,0,1
BRDA:106,20,1,17
BRDA:109,21,0,1
BRDA:109,21,1,16
BRDA:113,22,0,0
BRDA:113,22,1,16
BRF:47
BRH:41
end_of_record
